<?xml version="1.0" encoding="UTF-8"?>
<testng-results ignored="0" total="1" passed="1" failed="0" skipped="0">
  <reporter-output>
  </reporter-output>
  <suite started-at="2026-02-20T16:15:19 IST" name="Default suite" finished-at="2026-02-20T16:15:29 IST" duration-ms="10118">
    <groups>
    </groups>
    <test started-at="2026-02-20T16:15:19 IST" name="Default test" finished-at="2026-02-20T16:15:29 IST" duration-ms="10118">
      <class name="automation_excercise.Amazon">
        <test-method signature="test()[pri:0, instance:automation_excercise.Amazon@1623b78d]" started-at="2026-02-20T16:15:19 IST" name="test" finished-at="2026-02-20T16:15:29 IST" duration-ms="10034" status="PASS">
          <reporter-output>
          </reporter-output>
        </test-method> <!-- test -->
      </class> <!-- automation_excercise.Amazon -->
    </test> <!-- Default test -->
  </suite> <!-- Default suite -->
</testng-results>
